{"level":"error","message":"jwt malformed","name":"JsonWebTokenError","timestamp":"2025-05-08T16:20:30.309Z"}
{"level":"error","message":"jwt malformed","name":"JsonWebTokenError","timestamp":"2025-05-08T16:25:44.335Z"}
{"level":"info","message":"Test info","timestamp":"2025-05-11T11:26:25.416Z"}
{"level":"error","message":"Test error","timestamp":"2025-05-11T11:26:25.419Z"}
{"level":"info","message":"Streamed message","timestamp":"2025-05-11T11:26:25.419Z"}
{"level":"info","message":"Test info","timestamp":"2025-05-11T11:27:09.222Z"}
{"level":"error","message":"Test error","timestamp":"2025-05-11T11:27:09.224Z"}
{"level":"info","message":"Streamed message","timestamp":"2025-05-11T11:27:09.224Z"}
{"level":"info","message":"Test info","timestamp":"2025-05-11T11:28:02.858Z"}
{"level":"error","message":"Test error","timestamp":"2025-05-11T11:28:02.859Z"}
{"level":"info","message":"Streamed message","timestamp":"2025-05-11T11:28:02.860Z"}
{"level":"info","message":"Test info","timestamp":"2025-05-11T11:28:20.476Z"}
{"level":"error","message":"Test error","timestamp":"2025-05-11T11:28:20.478Z"}
{"level":"info","message":"Streamed message","timestamp":"2025-05-11T11:28:20.478Z"}
{"level":"info","message":"Test info","timestamp":"2025-05-11T11:28:25.137Z"}
{"level":"error","message":"Test error","timestamp":"2025-05-11T11:28:25.141Z"}
{"level":"info","message":"Streamed message","timestamp":"2025-05-11T11:28:25.143Z"}
{"level":"info","message":"Test info","timestamp":"2025-05-11T11:29:21.752Z"}
{"level":"error","message":"Test error","timestamp":"2025-05-11T11:29:21.756Z"}
{"level":"info","message":"Streamed message","timestamp":"2025-05-11T11:29:21.761Z"}
{"level":"info","message":"Test info","timestamp":"2025-05-11T11:30:48.209Z"}
{"level":"error","message":"Test error","timestamp":"2025-05-11T11:30:48.216Z"}
{"level":"info","message":"Streamed message","timestamp":"2025-05-11T11:30:48.218Z"}
{"level":"info","message":"Test info","timestamp":"2025-05-11T11:31:23.557Z"}
{"level":"error","message":"Test error","timestamp":"2025-05-11T11:31:23.563Z"}
{"level":"info","message":"Streamed message","timestamp":"2025-05-11T11:31:23.565Z"}
{"level":"info","message":"Test info","timestamp":"2025-05-11T11:33:07.129Z"}
{"level":"error","message":"Test error","timestamp":"2025-05-11T11:33:07.137Z"}
{"level":"info","message":"Streamed message","timestamp":"2025-05-11T11:33:07.139Z"}
{"level":"info","message":"Test info","timestamp":"2025-05-11T11:33:53.319Z"}
{"level":"error","message":"Test error","timestamp":"2025-05-11T11:33:53.325Z"}
{"level":"info","message":"Streamed message","timestamp":"2025-05-11T11:33:53.327Z"}
{"level":"info","message":"Test info","timestamp":"2025-05-11T11:34:28.742Z"}
{"level":"error","message":"Test error","timestamp":"2025-05-11T11:34:28.743Z"}
{"level":"info","message":"Streamed message","timestamp":"2025-05-11T11:34:28.744Z"}
{"level":"info","message":"Test info","timestamp":"2025-05-11T11:35:09.339Z"}
{"level":"error","message":"Test error","timestamp":"2025-05-11T11:35:09.341Z"}
{"level":"info","message":"Streamed message","timestamp":"2025-05-11T11:35:09.341Z"}
{"level":"info","message":"Test info","timestamp":"2025-05-11T11:35:32.195Z"}
{"level":"error","message":"Test error","timestamp":"2025-05-11T11:35:32.196Z"}
{"level":"info","message":"Streamed message","timestamp":"2025-05-11T11:35:32.197Z"}
{"level":"info","message":"Test info","timestamp":"2025-05-11T11:35:52.896Z"}
{"level":"error","message":"Test error","timestamp":"2025-05-11T11:35:52.897Z"}
{"level":"info","message":"Streamed message","timestamp":"2025-05-11T11:35:52.898Z"}
{"level":"info","message":"Test info","timestamp":"2025-05-11T11:37:35.469Z"}
{"level":"error","message":"Test error","timestamp":"2025-05-11T11:37:35.470Z"}
{"level":"info","message":"Streamed message","timestamp":"2025-05-11T11:37:35.471Z"}
{"level":"info","message":"MongoDB Connected","timestamp":"2025-05-11T12:54:41.383Z"}
{"level":"info","message":"Listening on 127.0.0.1:8080","timestamp":"2025-05-11T12:54:41.387Z"}
{"level":"info","message":"PostgreSQL Connected","timestamp":"2025-05-11T12:54:41.420Z"}
{"level":"error","message":"UNCAUGHT_EXCEPTION OCCURED : \"MongoServerError: bad auth : authentication failed\\n    at Connection.sendCommand (/Users/mikez/Desktop/S4/Software_Integration/final/software-integration-team-project/node_modules/mongodb/src/cmap/connection.ts:551:17)\\n    at processTicksAndRejections (node:internal/process/task_queues:105:5)\\n    at async Connection.command (/Users/mikez/Desktop/S4/Software_Integration/final/software-integration-team-project/node_modules/mongodb/src/cmap/connection.ts:625:22)\\n    at async continueScramConversation (/Users/mikez/Desktop/S4/Software_Integration/final/software-integration-team-project/node_modules/mongodb/src/cmap/auth/scram.ts:187:13)\\n    at async executeScram (/Users/mikez/Desktop/S4/Software_Integration/final/software-integration-team-project/node_modules/mongodb/src/cmap/auth/scram.ts:114:3)\\n    at async ScramSHA1.auth (/Users/mikez/Desktop/S4/Software_Integration/final/software-integration-team-project/node_modules/mongodb/src/cmap/auth/scram.ts:60:12)\\n    at async performInitialHandshake (/Users/mikez/Desktop/S4/Software_Integration/final/software-integration-team-project/node_modules/mongodb/src/cmap/connect.ts:164:7)\\n    at async connect (/Users/mikez/Desktop/S4/Software_Integration/final/software-integration-team-project/node_modules/mongodb/src/cmap/connect.ts:43:5)\"","timestamp":"2025-05-11T12:54:41.753Z"}
{"level":"info","message":"MongoDB Connected","timestamp":"2025-05-11T12:56:45.964Z"}
{"level":"info","message":"Listening on 127.0.0.1:8080","timestamp":"2025-05-11T12:56:45.968Z"}
{"level":"info","message":"PostgreSQL Connected","timestamp":"2025-05-11T12:56:46.026Z"}
{"level":"info","message":"MongoDB Connected","timestamp":"2025-05-11T13:01:33.834Z"}
{"level":"info","message":"Listening on 127.0.0.1:8080","timestamp":"2025-05-11T13:01:33.839Z"}
{"level":"info","message":"PostgreSQL Connected","timestamp":"2025-05-11T13:01:33.887Z"}
{"level":"info","message":"Test info","timestamp":"2025-05-11T13:02:51.589Z"}
{"level":"error","message":"Test error","timestamp":"2025-05-11T13:02:51.591Z"}
{"level":"info","message":"Streamed message","timestamp":"2025-05-11T13:02:51.591Z"}
{"level":"info","message":"MongoDB Connected","timestamp":"2025-05-11T13:03:23.805Z"}
{"level":"info","message":"Listening on 127.0.0.1:8080","timestamp":"2025-05-11T13:03:23.808Z"}
{"level":"info","message":"PostgreSQL Connected","timestamp":"2025-05-11T13:03:23.822Z"}
{"level":"info","message":"Test info","timestamp":"2025-05-11T15:15:34.303Z"}
{"level":"error","message":"Test error","timestamp":"2025-05-11T15:15:34.305Z"}
{"level":"info","message":"Streamed message","timestamp":"2025-05-11T15:15:34.305Z"}
{"level":"info","message":"Test info","timestamp":"2025-05-12T12:21:55.313Z"}
{"level":"error","message":"Test error","timestamp":"2025-05-12T12:21:55.321Z"}
{"level":"info","message":"Streamed message","timestamp":"2025-05-12T12:21:55.323Z"}
{"level":"error","message":"jwt malformed","name":"JsonWebTokenError","timestamp":"2025-05-12T12:21:55.594Z"}
{"level":"info","message":"Test info","timestamp":"2025-05-12T12:21:58.278Z"}
{"level":"error","message":"Test error","timestamp":"2025-05-12T12:21:58.286Z"}
{"level":"info","message":"Streamed message","timestamp":"2025-05-12T12:21:58.287Z"}
